<?xml version="1.0" encoding="UTF-8"?>
<!-- Generated by org.testng.reporters.JUnitReportReporter -->
<testsuite hostname="ajenifer" name="com.training.sanity.tests.MyLoginTest" tests="1" failures="0" timestamp="14 Jun 2019 04:21:29 GMT" time="30.376" errors="0">
  <testcase name="validLoginTest" time="30.376" classname="com.training.sanity.tests.MyLoginTest"/>
</testsuite> <!-- com.training.sanity.tests.MyLoginTest -->
