<?xml version="1.0" encoding="UTF-8"?>
<!-- Generated by org.testng.reporters.JUnitReportReporter -->
<testsuite hostname="ajenifer" name="com.training.sanity.tests.RecoverPasswordTest" tests="1" failures="0" timestamp="14 Jun 2019 04:12:20 GMT" time="36.982" errors="0">
  <testcase name="RecoverPasswordTest" time="36.982" classname="com.training.sanity.tests.RecoverPasswordTest"/>
</testsuite> <!-- com.training.sanity.tests.RecoverPasswordTest -->
