<?xml version="1.0" encoding="UTF-8"?>
<!-- Generated by org.testng.reporters.JUnitReportReporter -->
<testsuite hostname="ajenifer" name="com.training.sanity.tests.CustomerDeleteTest" tests="1" failures="0" timestamp="17 Jun 2019 05:27:47 GMT" time="23.025" errors="0">
  <testcase name="Cust_Search_Test" time="23.025" classname="com.training.sanity.tests.CustomerDeleteTest"/>
</testsuite> <!-- com.training.sanity.tests.CustomerDeleteTest -->
