<?xml version="1.0" encoding="UTF-8"?>
<!-- Generated by org.testng.reporters.JUnitReportReporter -->
<testsuite hostname="ajenifer" name="com.training.sanity.tests.CustomerTest" tests="1" failures="0" timestamp="14 Jun 2019 14:32:01 GMT" time="43.354" errors="0">
  <testcase name="Cust_Search_Test" time="43.354" classname="com.training.sanity.tests.CustomerTest"/>
</testsuite> <!-- com.training.sanity.tests.CustomerTest -->
